[INFO] 2023-07-12 15:01:19 Portas COM disponíveis:
[INFO] 2023-07-12 15:01:19 COM30
[INFO] 2023-07-12 15:01:19 COM31
[INFO] 2023-07-12 15:01:19 COM32
[ERROR] 2023-07-12 15:01:38 could not open port 'COM30': OSError(22, 'O tempo limite do semáforo expirou.', None, 121)
[INFO] 2023-07-12 15:02:19 Portas COM disponíveis:
[INFO] 2023-07-12 15:02:19 COM30
[INFO] 2023-07-12 15:02:19 COM31
[INFO] 2023-07-12 15:02:19 COM32
[ERROR] 2023-07-12 15:02:36 could not open port 'COM30': OSError(22, 'O tempo limite do semáforo expirou.', None, 121)
[INFO] 2023-07-12 15:02:42 Portas COM disponíveis:
[INFO] 2023-07-12 15:02:42 COM30
[INFO] 2023-07-12 15:02:42 COM31
[INFO] 2023-07-12 15:02:42 COM32
[INFO] 2023-07-12 15:02:48 Serial RX started
[INFO] 2023-07-12 15:02:48 Serial TX started
[INFO] 2023-07-12 15:02:48 TX: b'restart\n'
[INFO] 2023-07-12 15:03:29 -------- Running New Test --------
[INFO] 2023-07-12 15:03:29 Init position X: 90000
[INFO] 2023-07-12 15:03:29 Init position z: 20000
[INFO] 2023-07-12 15:03:29 Minimum FSR : 800
[INFO] 2023-07-12 15:03:29 Number of executions: 3

[INFO] 2023-07-12 15:03:29 TX: b'restart\n'
[INFO] 2023-07-12 15:03:34 TX: b'set flags 1 0 1 1\n'
[INFO] 2023-07-12 15:03:35 TX: b'set mode read\n'
[INFO] 2023-07-12 15:03:36 TX: b'set speed 1 70\n'
[INFO] 2023-07-12 15:03:37 TX: b'set speed 2 65\n'
[INFO] 2023-07-12 15:03:38 TX: b'set position 1 home\n'
[ERROR] 2023-07-12 15:03:58 Timeout in cmd: b'set position 1 home\n'
[INFO] 2023-07-12 15:03:58 TX: b'set position 2 home\n'
[INFO] 2023-07-12 15:03:59 TX: b'set position 1 90000\n'
[INFO] 2023-07-12 15:04:02 TX: b'set position 2 20000\n'
[INFO] 2023-07-12 15:04:09 Running experiment 1 of 3
[INFO] 2023-07-12 15:04:09 Setting position Z 20500
[INFO] 2023-07-12 15:04:09 FSR target 800 actual 1019

[INFO] 2023-07-12 15:04:09 TX: b'set position 2 20500\n'
[ERROR] 2023-07-12 15:04:14 Timeout in cmd: b'set position 2 20500\n'
[INFO] 2023-07-12 15:04:14 Setting position Z 21000
[INFO] 2023-07-12 15:04:14 FSR target 800 actual 1023

[INFO] 2023-07-12 15:04:14 TX: b'set position 2 21000\n'
[ERROR] 2023-07-12 15:04:19 Timeout in cmd: b'set position 2 21000\n'
[INFO] 2023-07-12 15:04:19 Setting position Z 21500
[INFO] 2023-07-12 15:04:19 FSR target 800 actual 1012

[INFO] 2023-07-12 15:04:19 TX: b'set position 2 21500\n'
[ERROR] 2023-07-12 15:04:24 Timeout in cmd: b'set position 2 21500\n'
[INFO] 2023-07-12 15:04:24 Setting position Z 22000
[INFO] 2023-07-12 15:04:24 FSR target 800 actual 1023

[INFO] 2023-07-12 15:04:24 TX: b'set position 2 22000\n'
[INFO] 2023-07-12 15:04:25 Setting position Z 22500
[INFO] 2023-07-12 15:04:25 FSR target 800 actual 1023

[INFO] 2023-07-12 15:04:25 TX: b'set position 2 22500\n'
[INFO] 2023-07-12 15:04:26 Setting position Z 23000
[INFO] 2023-07-12 15:04:26 FSR target 800 actual 1023

[INFO] 2023-07-12 15:04:26 TX: b'set position 2 23000\n'
[INFO] 2023-07-12 15:04:26 Setting position Z 23500
[INFO] 2023-07-12 15:04:26 FSR target 800 actual 1023

[INFO] 2023-07-12 15:04:26 TX: b'set position 2 23500\n'
[INFO] 2023-07-12 15:04:28 Setting position Z 24000
[INFO] 2023-07-12 15:04:28 FSR target 800 actual 1023

[INFO] 2023-07-12 15:04:28 TX: b'set position 2 24000\n'
[INFO] 2023-07-12 15:04:28 Setting position Z 24500
[INFO] 2023-07-12 15:04:28 FSR target 800 actual 1019

[INFO] 2023-07-12 15:04:28 TX: b'set position 2 24500\n'
[INFO] 2023-07-12 15:04:30 Setting position Z 25000
[INFO] 2023-07-12 15:04:30 FSR target 800 actual 1012

[INFO] 2023-07-12 15:04:30 TX: b'set position 2 25000\n'
[INFO] 2023-07-12 15:04:30 Setting position Z 25500
[INFO] 2023-07-12 15:04:30 FSR target 800 actual 1023

[INFO] 2023-07-12 15:04:30 TX: b'set position 2 25500\n'
[INFO] 2023-07-12 15:04:31 Setting position Z 26000
[INFO] 2023-07-12 15:04:31 FSR target 800 actual 1020

[INFO] 2023-07-12 15:04:31 TX: b'set position 2 26000\n'
[INFO] 2023-07-12 15:04:32 Setting position Z 26500
[INFO] 2023-07-12 15:04:32 FSR target 800 actual 1023

[INFO] 2023-07-12 15:04:32 TX: b'set position 2 26500\n'
[INFO] 2023-07-12 15:04:33 TX: b'set position 2 20000\n'
[INFO] 2023-07-12 15:04:33 Running experiment 2 of 3
[INFO] 2023-07-12 15:04:33 TX: b'set position 2 20000\n'
[INFO] 2023-07-12 15:04:35 Running experiment 3 of 3
[INFO] 2023-07-12 15:04:35 TX: b'set position 2 20000\n'
[INFO] 2023-07-12 15:04:35 TX: b'set position 1 0\n'
[INFO] 2023-07-12 15:04:37 TX: b'set position 2 0\n'
[INFO] 2023-07-12 15:07:40 Portas COM disponíveis:
[INFO] 2023-07-12 15:07:40 COM30
[INFO] 2023-07-12 15:07:40 COM31
[INFO] 2023-07-12 15:07:40 COM32
[INFO] 2023-07-12 15:07:43 Serial RX started
[INFO] 2023-07-12 15:07:43 Serial TX started
[INFO] 2023-07-12 15:07:43 TX: b'restart\n'
[INFO] 2023-07-12 15:07:50 TX: b'set position 1 home\n'
[ERROR] 2023-07-12 15:08:13 SerialException("ClearCommError failed (PermissionError(13, 'O dispositivo não reconhece o comando.', None, 22))")
[ERROR] 2023-07-12 15:08:14 SerialException("ClearCommError failed (PermissionError(13, 'O dispositivo não reconhece o comando.', None, 22))")
[ERROR] 2023-07-12 15:08:14 SerialException("ClearCommError failed (PermissionError(13, 'O dispositivo não reconhece o comando.', None, 22))")
[ERROR] 2023-07-12 15:08:15 SerialException("ClearCommError failed (PermissionError(13, 'O dispositivo não reconhece o comando.', None, 22))")
[ERROR] 2023-07-12 15:08:15 SerialException("ClearCommError failed (PermissionError(13, 'O dispositivo não reconhece o comando.', None, 22))")
[ERROR] 2023-07-12 15:08:16 SerialException("ClearCommError failed (PermissionError(13, 'O dispositivo não reconhece o comando.', None, 22))")
[ERROR] 2023-07-12 15:08:16 SerialException("ClearCommError failed (PermissionError(13, 'O dispositivo não reconhece o comando.', None, 22))")
[ERROR] 2023-07-12 15:08:17 SerialException("ClearCommError failed (PermissionError(13, 'O dispositivo não reconhece o comando.', None, 22))")
[ERROR] 2023-07-12 15:08:17 SerialException("ClearCommError failed (PermissionError(13, 'O dispositivo não reconhece o comando.', None, 22))")
[ERROR] 2023-07-12 15:08:18 SerialException("ClearCommError failed (PermissionError(13, 'O dispositivo não reconhece o comando.', None, 22))")
[ERROR] 2023-07-12 15:08:18 SerialException("ClearCommError failed (PermissionError(13, 'O dispositivo não reconhece o comando.', None, 22))")
[ERROR] 2023-07-12 15:08:19 SerialException("ClearCommError failed (PermissionError(13, 'O dispositivo não reconhece o comando.', None, 22))")
[ERROR] 2023-07-12 15:08:19 SerialException("ClearCommError failed (PermissionError(13, 'O dispositivo não reconhece o comando.', None, 22))")
[ERROR] 2023-07-12 15:08:20 SerialException("ClearCommError failed (PermissionError(13, 'O dispositivo não reconhece o comando.', None, 22))")
[ERROR] 2023-07-12 15:08:21 SerialException("ClearCommError failed (PermissionError(13, 'O dispositivo não reconhece o comando.', None, 22))")
[ERROR] 2023-07-12 15:08:21 SerialException("ClearCommError failed (PermissionError(13, 'O dispositivo não reconhece o comando.', None, 22))")
[ERROR] 2023-07-12 15:08:22 SerialException("ClearCommError failed (PermissionError(13, 'O dispositivo não reconhece o comando.', None, 22))")
[ERROR] 2023-07-12 15:08:22 SerialException("ClearCommError failed (PermissionError(13, 'O dispositivo não reconhece o comando.', None, 22))")
[ERROR] 2023-07-12 15:08:23 SerialException("ClearCommError failed (PermissionError(13, 'O dispositivo não reconhece o comando.', None, 22))")
[ERROR] 2023-07-12 15:08:23 SerialException("ClearCommError failed (PermissionError(13, 'O dispositivo não reconhece o comando.', None, 22))")
[INFO] 2023-07-12 15:13:23 Portas COM disponíveis:
[INFO] 2023-07-12 15:13:23 COM30
[INFO] 2023-07-12 15:13:23 COM31
[INFO] 2023-07-12 15:13:52 Portas COM disponíveis:
[INFO] 2023-07-12 15:13:52 COM30
[INFO] 2023-07-12 15:13:52 COM31
[INFO] 2023-07-12 15:13:52 COM32
[INFO] 2023-07-12 15:13:58 Serial RX started
[INFO] 2023-07-12 15:13:58 Serial TX started
[INFO] 2023-07-12 15:13:58 TX: b'restart\n'
[INFO] 2023-07-12 15:14:04 TX: b'set position 1 home\n'
[INFO] 2023-07-12 15:14:21 TX: b'set position 1 86000\n'
[INFO] 2023-07-12 15:15:14 -------- Running New Test --------
[INFO] 2023-07-12 15:15:14 Init position X: 91000
[INFO] 2023-07-12 15:15:14 Init position z: 20000
[INFO] 2023-07-12 15:15:14 Minimum FSR : 800
[INFO] 2023-07-12 15:15:14 Number of executions: 3

[INFO] 2023-07-12 15:15:14 TX: b'restart\n'
[INFO] 2023-07-12 15:15:19 TX: b'set flags 1 0 1 1\n'
[INFO] 2023-07-12 15:15:20 TX: b'set mode read\n'
[INFO] 2023-07-12 15:15:22 TX: b'set speed 1 70\n'
[INFO] 2023-07-12 15:15:23 TX: b'set speed 2 65\n'
[INFO] 2023-07-12 15:15:24 TX: b'set position 1 home\n'
[INFO] 2023-07-12 15:15:38 TX: b'set position 2 home\n'
[INFO] 2023-07-12 15:15:41 TX: b'set position 1 91000\n'
[INFO] 2023-07-12 15:15:49 TX: b'set position 2 20000\n'
[ERROR] 2023-07-12 15:16:09 Timeout in cmd: b'set position 2 20000\n'
[INFO] 2023-07-12 15:16:09 Running experiment 1 of 3
[INFO] 2023-07-12 15:16:09 Setting position Z 20500
[INFO] 2023-07-12 15:16:09 FSR target 800 actual 1023

[INFO] 2023-07-12 15:16:09 TX: b'set position 2 20500\n'
[ERROR] 2023-07-12 15:16:14 Timeout in cmd: b'set position 2 20500\n'
[INFO] 2023-07-12 15:16:14 Setting position Z 21000
[INFO] 2023-07-12 15:16:14 FSR target 800 actual 1023

[ERROR] 2023-07-12 15:16:19 Timeout in cmd: b'set position 2 21000\n'
[INFO] 2023-07-12 15:16:19 Setting position Z 21500
[INFO] 2023-07-12 15:16:19 FSR target 800 actual 1023

[ERROR] 2023-07-12 15:16:24 Timeout in cmd: b'set position 2 21500\n'
[INFO] 2023-07-12 15:16:24 Setting position Z 22000
[INFO] 2023-07-12 15:16:24 FSR target 800 actual 1023

[ERROR] 2023-07-12 15:16:29 Timeout in cmd: b'set position 2 22000\n'
[INFO] 2023-07-12 15:16:29 Setting position Z 22500
[INFO] 2023-07-12 15:16:29 FSR target 800 actual 1023

[ERROR] 2023-07-12 15:16:34 Timeout in cmd: b'set position 2 22500\n'
[INFO] 2023-07-12 15:16:34 Setting position Z 23000
[INFO] 2023-07-12 15:16:34 FSR target 800 actual 1023

[ERROR] 2023-07-12 15:16:39 Timeout in cmd: b'set position 2 23000\n'
[INFO] 2023-07-12 15:16:39 Setting position Z 23500
[INFO] 2023-07-12 15:16:39 FSR target 800 actual 1023

[ERROR] 2023-07-12 15:16:44 Timeout in cmd: b'set position 2 23500\n'
[INFO] 2023-07-12 15:16:44 Setting position Z 24000
[INFO] 2023-07-12 15:16:44 FSR target 800 actual 1023

[ERROR] 2023-07-12 15:16:49 Timeout in cmd: b'set position 2 24000\n'
[INFO] 2023-07-12 15:16:49 Setting position Z 24500
[INFO] 2023-07-12 15:16:49 FSR target 800 actual 1023

[ERROR] 2023-07-12 15:16:54 Timeout in cmd: b'set position 2 24500\n'
[INFO] 2023-07-12 15:16:54 Setting position Z 25000
[INFO] 2023-07-12 15:16:54 FSR target 800 actual 1023

[ERROR] 2023-07-12 15:16:59 Timeout in cmd: b'set position 2 25000\n'
[INFO] 2023-07-12 15:16:59 Setting position Z 25500
[INFO] 2023-07-12 15:16:59 FSR target 800 actual 1023

[ERROR] 2023-07-12 15:17:04 Timeout in cmd: b'set position 2 25500\n'
[INFO] 2023-07-12 15:17:04 Setting position Z 26000
[INFO] 2023-07-12 15:17:04 FSR target 800 actual 1023

[ERROR] 2023-07-12 15:17:09 Timeout in cmd: b'set position 2 26000\n'
[INFO] 2023-07-12 15:17:09 Setting position Z 26500
[INFO] 2023-07-12 15:17:09 FSR target 800 actual 1023

[ERROR] 2023-07-12 15:17:14 Timeout in cmd: b'set position 2 26500\n'
[INFO] 2023-07-12 15:17:14 Setting position Z 27000
[INFO] 2023-07-12 15:17:14 FSR target 800 actual 1023

[ERROR] 2023-07-12 15:17:19 Timeout in cmd: b'set position 2 27000\n'
[INFO] 2023-07-12 15:17:19 Setting position Z 27500
[INFO] 2023-07-12 15:17:19 FSR target 800 actual 1023

[ERROR] 2023-07-12 15:17:24 Timeout in cmd: b'set position 2 27500\n'
[INFO] 2023-07-12 15:17:24 Setting position Z 28000
[INFO] 2023-07-12 15:17:24 FSR target 800 actual 1023

[ERROR] 2023-07-12 15:17:29 Timeout in cmd: b'set position 2 28000\n'
[INFO] 2023-07-12 15:17:29 Setting position Z 28500
[INFO] 2023-07-12 15:17:29 FSR target 800 actual 1023

[ERROR] 2023-07-12 15:17:34 Timeout in cmd: b'set position 2 28500\n'
[INFO] 2023-07-12 15:17:34 Setting position Z 29000
[INFO] 2023-07-12 15:17:34 FSR target 800 actual 1023

[ERROR] 2023-07-12 15:17:39 Timeout in cmd: b'set position 2 29000\n'
[INFO] 2023-07-12 15:17:39 Setting position Z 29500
[INFO] 2023-07-12 15:17:39 FSR target 800 actual 1023

[ERROR] 2023-07-12 15:17:44 Timeout in cmd: b'set position 2 29500\n'
[INFO] 2023-07-12 15:17:44 Setting position Z 30000
[INFO] 2023-07-12 15:17:44 FSR target 800 actual 1023

[ERROR] 2023-07-12 15:17:49 Timeout in cmd: b'set position 2 30000\n'
[INFO] 2023-07-12 15:17:49 Setting position Z 30500
[INFO] 2023-07-12 15:17:49 FSR target 800 actual 1023

[ERROR] 2023-07-12 15:17:54 Timeout in cmd: b'set position 2 30500\n'
[INFO] 2023-07-12 15:17:54 Setting position Z 31000
[INFO] 2023-07-12 15:17:54 FSR target 800 actual 1023

[ERROR] 2023-07-12 15:17:59 Timeout in cmd: b'set position 2 31000\n'
[INFO] 2023-07-12 15:17:59 Setting position Z 31500
[INFO] 2023-07-12 15:17:59 FSR target 800 actual 1023

[INFO] 2023-08-03 09:45:34 Portas COM disponíveis:
[INFO] 2023-08-03 09:45:34 COM30
[INFO] 2023-08-03 09:45:34 COM31
[INFO] 2023-08-03 09:48:02 Portas COM disponíveis:
[INFO] 2023-08-03 09:48:02 COM30
[INFO] 2023-08-03 09:48:02 COM31
[INFO] 2023-08-03 09:48:02 COM34
[INFO] 2023-08-03 09:48:09 Serial RX started
[INFO] 2023-08-03 09:48:09 Serial TX started
[INFO] 2023-08-03 09:48:09 TX: b'restart\n'
[INFO] 2023-08-03 09:48:21 TX: b'set mode idle\n'
[INFO] 2023-08-03 09:48:32 TX: b'set position 2 home\n'
[INFO] 2023-08-03 09:48:42 TX: b'set position 2 1000\n'
[INFO] 2023-08-03 09:49:52 TX: b'set flags 1 0 1 0\n'
[INFO] 2023-08-03 09:49:56 TX: b'set mode read\n'
[INFO] 2023-08-03 09:51:22 TX: b'set read_freq 100\n'
[INFO] 2023-08-03 09:51:29 TX: b'set read_freq 10\n'
[INFO] 2023-08-03 09:56:18 TX: b'set position 1 home\n'
[ERROR] 2023-08-03 09:56:56 Serial already opened
[INFO] 2023-08-03 09:57:11 Portas COM disponíveis:
[INFO] 2023-08-03 09:57:11 COM30
[INFO] 2023-08-03 09:57:11 COM31
[INFO] 2023-08-03 09:57:11 COM34
[INFO] 2023-08-03 09:57:40 Serial RX started
[INFO] 2023-08-03 09:57:40 Serial TX started
[INFO] 2023-08-03 09:57:40 TX: b'restart\n'
[INFO] 2023-08-03 09:57:44 TX: b'set position 2 home\n'
[INFO] 2023-08-03 09:58:11 TX: b'set flags 1 0 1 0\n'
[INFO] 2023-08-03 09:58:13 TX: b'set mode read\n'
[INFO] 2023-09-04 15:51:38 Portas COM disponíveis:
[INFO] 2023-09-04 15:51:38 COM30
[INFO] 2023-09-04 15:51:38 COM31
[INFO] 2023-10-03 15:13:38 Portas COM disponíveis:
[INFO] 2023-10-03 15:13:38 COM30
[INFO] 2023-10-03 15:13:38 COM31
[INFO] 2024-01-18 11:37:47 Portas COM disponíveis:
[INFO] 2024-01-18 11:37:47 COM30
[INFO] 2024-01-18 11:37:47 COM31
[INFO] 2024-01-18 11:37:47 COM25
[INFO] 2024-01-18 11:37:58 Serial RX started
[INFO] 2024-01-18 11:37:58 Serial TX started
[INFO] 2024-01-18 11:37:58 TX: b'restart\n'
[INFO] 2024-01-18 11:38:05 TX: b'set position 1 home\n'
[INFO] 2024-01-18 11:38:10 TX: b'set position 1 68000\n'
[INFO] 2024-01-18 11:38:13 TX: b'set position 1 97000\n'
[INFO] 2024-01-18 11:38:17 TX: b'set position 2 home\n'
[INFO] 2024-01-18 11:38:22 TX: b'set position 2 16000\n'
[INFO] 2024-01-18 11:38:25 TX: b'set position 2 20000\n'
[INFO] 2024-01-18 11:38:32 TX: b'set position 1 64000\n'
[INFO] 2024-01-18 11:38:34 TX: b'set position 1 142000\n'
[INFO] 2024-01-18 11:38:39 TX: b'set position 1 18000\n'
[INFO] 2024-01-18 11:38:44 TX: b'set position 1 0\n'
[INFO] 2024-01-18 11:38:48 TX: b'set position 1 65000\n'
[INFO] 2024-01-18 11:38:53 TX: b'set position 1 119000\n'
[INFO] 2024-01-18 11:38:59 TX: b'set position 1 132000\n'
[INFO] 2024-01-18 11:39:04 TX: b'set position 1 26000\n'
[INFO] 2024-01-18 11:39:12 TX: b'set position 2 26000\n'
[INFO] 2024-01-18 11:39:17 TX: b'set position 2 33000\n'
[INFO] 2024-01-18 11:39:20 TX: b'set position 2 34000\n'
[INFO] 2024-01-18 11:39:22 TX: b'set position 2 35000\n'
[INFO] 2024-01-18 11:39:29 TX: b'set position 2 16000\n'
[INFO] 2024-01-18 11:39:32 TX: b'set position 2 1000\n'
[INFO] 2024-01-18 11:39:36 TX: b'set position 2 0\n'
[INFO] 2024-01-18 11:40:05 Portas COM disponíveis:
[INFO] 2024-01-18 11:40:05 COM30
[INFO] 2024-01-18 11:40:05 COM31
[INFO] 2024-01-18 11:40:05 COM25
[INFO] 2024-01-18 11:40:27 Portas COM disponíveis:
[INFO] 2024-01-18 11:40:27 COM30
[INFO] 2024-01-18 11:40:27 COM31
[INFO] 2024-01-18 11:40:27 COM25
[INFO] 2024-01-18 11:40:30 Serial RX started
[INFO] 2024-01-18 11:40:30 Serial TX started
[INFO] 2024-01-18 11:40:30 TX: b'restart\n'
[INFO] 2024-01-18 11:40:39 -------- Running New Test --------
[INFO] 2024-01-18 11:40:39 Init position X: 90000
[INFO] 2024-01-18 11:40:39 Init position z: 20000
[INFO] 2024-01-18 11:40:39 Minimum FSR : 800
[INFO] 2024-01-18 11:40:39 Number of executions: 3

[INFO] 2024-01-18 11:40:39 TX: b'restart\n'
[INFO] 2024-01-18 11:40:44 TX: b'set flags 1 0 1 1\n'
[INFO] 2024-01-18 11:40:45 TX: b'set mode read\n'
[INFO] 2024-01-18 11:40:46 TX: b'set speed 1 70\n'
[INFO] 2024-01-18 11:40:47 TX: b'set speed 2 65\n'
[ERROR] 2024-01-18 11:40:52 Timeout in cmd: b'set speed 2 65\n'
[INFO] 2024-01-18 11:40:52 TX: b'set position 1 home\n'
[INFO] 2024-01-18 11:41:13 -------- Running New Test --------
[INFO] 2024-01-18 11:41:13 Init position X: 90000
[INFO] 2024-01-18 11:41:13 Init position z: 20000
[INFO] 2024-01-18 11:41:13 Minimum FSR : 800
[INFO] 2024-01-18 11:41:13 Number of executions: 3

[INFO] 2024-01-18 11:41:13 TX: b'restart\n'
[INFO] 2024-01-18 11:41:18 TX: b'set flags 1 0 1 1\n'
[ERROR] 2024-01-18 11:41:23 Timeout in cmd: b'set flags 1 0 1 1\n'
[INFO] 2024-01-18 11:41:23 TX: b'set mode read\n'
